{"/Users/dennis/Dropbox/Dev/fuc2/fuc-service/src/services/search/providers/OpenCageDataProvider.ts": {"path":"/Users/dennis/Dropbox/Dev/fuc2/fuc-service/src/services/search/providers/OpenCageDataProvider.ts","statementMap":{"0":{"start":{"line":1,"column":0},"end":{"line":1,"column":38}},"1":{"start":{"line":2,"column":0},"end":{"line":2,"column":28}},"2":{"start":{"line":4,"column":0},"end":{"line":4,"column":16}},"3":{"start":{"line":6,"column":13},"end":{"line":11,"column":null}},"4":{"start":{"line":6,"column":49},"end":{"line":11,"column":null}},"5":{"start":{"line":7,"column":16},"end":{"line":7,"column":46}},"6":{"start":{"line":8,"column":16},"end":{"line":8,"column":113}},"7":{"start":{"line":9,"column":21},"end":{"line":9,"column":39}},"8":{"start":{"line":10,"column":4},"end":{"line":10,"column":32}}},"fnMap":{"0":{"name":"(anonymous_8)","decl":{"start":{"line":6,"column":25},"end":{"line":6,"column":32}},"loc":{"start":{"line":6,"column":49},"end":{"line":11,"column":null}}},"1":{"name":"(anonymous_9)","decl":{"start":{"line":6,"column":49},"end":{"line":6,"column":null}},"loc":{"start":{"line":6,"column":49},"end":{"line":11,"column":1}}}},"branchMap":{},"s":{"0":1,"1":1,"2":1,"3":1,"4":1,"5":1,"6":1,"7":1,"8":1},"f":{"0":1,"1":1},"b":{}}
}
